<?xml version="1.0" encoding="UTF-8"?>
<testng-results skipped="0" failed="0" total="1" passed="1">
  <reporter-output>
  </reporter-output>
  <suite name="Default suite" duration-ms="41" started-at="2021-12-15T09:41:58Z" finished-at="2021-12-15T09:41:58Z">
    <groups>
    </groups>
    <test name="Default test" duration-ms="41" started-at="2021-12-15T09:41:58Z" finished-at="2021-12-15T09:41:58Z">
      <class name="DemoTest.PracticeTest">
        <test-method status="PASS" signature="practiceTest()[pri:0, instance:DemoTest.PracticeTest@47d384ee]" name="practiceTest" duration-ms="17" started-at="2021-12-15T15:11:58Z" finished-at="2021-12-15T15:11:58Z">
          <reporter-output>
          </reporter-output>
        </test-method> <!-- practiceTest -->
      </class> <!-- DemoTest.PracticeTest -->
    </test> <!-- Default test -->
  </suite> <!-- Default suite -->
</testng-results>
